[Fri Sep 19 10:51:33 AM UTC 2025] Backup created: backup_20250919_105133.sql.gz
[Fri Sep 19 10:51:33 AM UTC 2025] Old backups cleaned, keeping last 30 backups
[Fri Sep 19 12:00:01 PM UTC 2025] Backup created: backup_20250919_120001.sql.gz
[Fri Sep 19 12:00:01 PM UTC 2025] Old backups cleaned, keeping last 30 backups
[Fri Sep 19 04:00:01 PM UTC 2025] Backup created: backup_20250919_160001.sql.gz
[Fri Sep 19 04:00:01 PM UTC 2025] Old backups cleaned, keeping last 30 backups
[Fri Sep 19 08:00:01 PM UTC 2025] Backup created: backup_20250919_200001.sql.gz
[Fri Sep 19 08:00:01 PM UTC 2025] Old backups cleaned, keeping last 30 backups
[Sat Sep 20 12:00:02 AM UTC 2025] Backup created: backup_20250920_000001.sql.gz
[Sat Sep 20 12:00:02 AM UTC 2025] Old backups cleaned, keeping last 30 backups
[Sat Sep 20 02:00:01 AM UTC 2025] Backup created: backup_20250920_020001.sql.gz
[Sat Sep 20 02:00:01 AM UTC 2025] Old backups cleaned, keeping last 30 backups
[Sat Sep 20 04:00:01 AM UTC 2025] Backup created: backup_20250920_040001.sql.gz
[Sat Sep 20 04:00:01 AM UTC 2025] Old backups cleaned, keeping last 30 backups
[Sat Sep 20 08:00:02 AM UTC 2025] Backup created: backup_20250920_080001.sql.gz
[Sat Sep 20 08:00:02 AM UTC 2025] Old backups cleaned, keeping last 30 backups
[Sat Sep 20 12:00:01 PM UTC 2025] Backup created: backup_20250920_120001.sql.gz
[Sat Sep 20 12:00:01 PM UTC 2025] Old backups cleaned, keeping last 30 backups
[Sat Sep 20 04:00:01 PM UTC 2025] Backup created: backup_20250920_160001.sql.gz
[Sat Sep 20 04:00:01 PM UTC 2025] Old backups cleaned, keeping last 30 backups
[Sat Sep 20 08:00:01 PM UTC 2025] Backup created: backup_20250920_200001.sql.gz
[Sat Sep 20 08:00:01 PM UTC 2025] Old backups cleaned, keeping last 30 backups
[Sun Sep 21 12:00:01 AM UTC 2025] Backup created: backup_20250921_000001.sql.gz
[Sun Sep 21 12:00:01 AM UTC 2025] Old backups cleaned, keeping last 30 backups
[Sun Sep 21 12:00:01 AM UTC 2025] Backup created: backup_20250921_000001.sql.gz
[Sun Sep 21 12:00:01 AM UTC 2025] Old backups cleaned, keeping last 30 backups
[Sun Sep 21 02:00:02 AM UTC 2025] Backup created: backup_20250921_020001.sql.gz
[Sun Sep 21 02:00:02 AM UTC 2025] Old backups cleaned, keeping last 30 backups
[Sun Sep 21 04:00:01 AM UTC 2025] Backup created: backup_20250921_040001.sql.gz
[Sun Sep 21 04:00:01 AM UTC 2025] Old backups cleaned, keeping last 30 backups
[Sun Sep 21 08:00:01 AM UTC 2025] Backup created: backup_20250921_080001.sql.gz
[Sun Sep 21 08:00:01 AM UTC 2025] Old backups cleaned, keeping last 30 backups
[Sun Sep 21 12:00:01 PM UTC 2025] Backup created: backup_20250921_120001.sql.gz
[Sun Sep 21 12:00:01 PM UTC 2025] Old backups cleaned, keeping last 30 backups
[Sun Sep 21 04:00:01 PM UTC 2025] Backup created: backup_20250921_160001.sql.gz
[Sun Sep 21 04:00:01 PM UTC 2025] Old backups cleaned, keeping last 30 backups
[Sun Sep 21 08:00:02 PM UTC 2025] Backup created: backup_20250921_200001.sql.gz
[Sun Sep 21 08:00:02 PM UTC 2025] Old backups cleaned, keeping last 30 backups
[Mon Sep 22 12:00:01 AM UTC 2025] Backup created: backup_20250922_000001.sql.gz
[Mon Sep 22 12:00:01 AM UTC 2025] Old backups cleaned, keeping last 30 backups
[Mon Sep 22 02:00:01 AM UTC 2025] Backup created: backup_20250922_020001.sql.gz
[Mon Sep 22 02:00:01 AM UTC 2025] Old backups cleaned, keeping last 30 backups
[Mon Sep 22 04:00:01 AM UTC 2025] Backup created: backup_20250922_040001.sql.gz
[Mon Sep 22 04:00:01 AM UTC 2025] Old backups cleaned, keeping last 30 backups
[Mon Sep 22 08:00:01 AM UTC 2025] Backup created: backup_20250922_080001.sql.gz
[Mon Sep 22 08:00:01 AM UTC 2025] Old backups cleaned, keeping last 30 backups
[Mon Sep 22 12:00:01 PM UTC 2025] Backup created: backup_20250922_120001.sql.gz
[Mon Sep 22 12:00:01 PM UTC 2025] Old backups cleaned, keeping last 30 backups
[Mon Sep 22 04:00:01 PM UTC 2025] Backup created: backup_20250922_160001.sql.gz
[Mon Sep 22 04:00:01 PM UTC 2025] Old backups cleaned, keeping last 30 backups
[Mon Sep 22 08:00:01 PM UTC 2025] Backup created: backup_20250922_200001.sql.gz
[Mon Sep 22 08:00:01 PM UTC 2025] Old backups cleaned, keeping last 30 backups
[Tue Sep 23 12:00:02 AM UTC 2025] Backup created: backup_20250923_000001.sql.gz
[Tue Sep 23 12:00:02 AM UTC 2025] Old backups cleaned, keeping last 30 backups
[Tue Sep 23 02:00:01 AM UTC 2025] Backup created: backup_20250923_020001.sql.gz
[Tue Sep 23 02:00:01 AM UTC 2025] Old backups cleaned, keeping last 30 backups
[Tue Sep 23 04:00:01 AM UTC 2025] Backup created: backup_20250923_040001.sql.gz
[Tue Sep 23 04:00:01 AM UTC 2025] Old backups cleaned, keeping last 30 backups
[Tue Sep 23 08:00:02 AM UTC 2025] Backup created: backup_20250923_080001.sql.gz
[Tue Sep 23 08:00:02 AM UTC 2025] Old backups cleaned, keeping last 30 backups
[Tue Sep 23 12:00:01 PM UTC 2025] Backup created: backup_20250923_120001.sql.gz
[Tue Sep 23 12:00:01 PM UTC 2025] Old backups cleaned, keeping last 30 backups
[Tue Sep 23 04:00:01 PM UTC 2025] Backup created: backup_20250923_160001.sql.gz
[Tue Sep 23 04:00:01 PM UTC 2025] Old backups cleaned, keeping last 30 backups
[Tue Sep 23 08:00:01 PM UTC 2025] Backup created: backup_20250923_200001.sql.gz
[Tue Sep 23 08:00:01 PM UTC 2025] Old backups cleaned, keeping last 30 backups
[Wed Sep 24 12:00:01 AM UTC 2025] Backup created: backup_20250924_000001.sql.gz
[Wed Sep 24 12:00:01 AM UTC 2025] Old backups cleaned, keeping last 30 backups
[Wed Sep 24 02:00:01 AM UTC 2025] Backup created: backup_20250924_020001.sql.gz
[Wed Sep 24 02:00:01 AM UTC 2025] Old backups cleaned, keeping last 30 backups
[Wed Sep 24 04:00:01 AM UTC 2025] Backup created: backup_20250924_040001.sql.gz
[Wed Sep 24 04:00:01 AM UTC 2025] Old backups cleaned, keeping last 30 backups
[Wed Sep 24 08:00:01 AM UTC 2025] Backup created: backup_20250924_080001.sql.gz
[Wed Sep 24 08:00:01 AM UTC 2025] Old backups cleaned, keeping last 30 backups
[Wed Sep 24 12:00:02 PM UTC 2025] Backup created: backup_20250924_120001.sql.gz
[Wed Sep 24 12:00:02 PM UTC 2025] Old backups cleaned, keeping last 30 backups
[Wed Sep 24 04:00:01 PM UTC 2025] Backup created: backup_20250924_160001.sql.gz
[Wed Sep 24 04:00:01 PM UTC 2025] Old backups cleaned, keeping last 30 backups
[Wed Sep 24 08:00:01 PM UTC 2025] Backup created: backup_20250924_200001.sql.gz
[Wed Sep 24 08:00:01 PM UTC 2025] Old backups cleaned, keeping last 30 backups
[Thu Sep 25 12:00:01 AM UTC 2025] Backup created: backup_20250925_000001.sql.gz
[Thu Sep 25 12:00:01 AM UTC 2025] Old backups cleaned, keeping last 30 backups
[Thu Sep 25 02:00:01 AM UTC 2025] Backup created: backup_20250925_020001.sql.gz
[Thu Sep 25 02:00:01 AM UTC 2025] Old backups cleaned, keeping last 30 backups
[Thu Sep 25 04:00:02 AM UTC 2025] Backup created: backup_20250925_040001.sql.gz
[Thu Sep 25 04:00:02 AM UTC 2025] Old backups cleaned, keeping last 30 backups
[Thu Sep 25 08:00:01 AM UTC 2025] Backup created: backup_20250925_080001.sql.gz
[Thu Sep 25 08:00:01 AM UTC 2025] Old backups cleaned, keeping last 30 backups
[Thu Sep 25 12:00:01 PM UTC 2025] Backup created: backup_20250925_120001.sql.gz
[Thu Sep 25 12:00:01 PM UTC 2025] Old backups cleaned, keeping last 30 backups
[Thu Sep 25 04:00:01 PM UTC 2025] Backup created: backup_20250925_160001.sql.gz
[Thu Sep 25 04:00:01 PM UTC 2025] Old backups cleaned, keeping last 30 backups
[Thu Sep 25 08:00:01 PM UTC 2025] Backup created: backup_20250925_200001.sql.gz
[Thu Sep 25 08:00:01 PM UTC 2025] Old backups cleaned, keeping last 30 backups
[Fri Sep 26 12:00:02 AM UTC 2025] Backup created: backup_20250926_000001.sql.gz
[Fri Sep 26 12:00:02 AM UTC 2025] Old backups cleaned, keeping last 30 backups
[Fri Sep 26 02:00:01 AM UTC 2025] Backup created: backup_20250926_020001.sql.gz
[Fri Sep 26 02:00:01 AM UTC 2025] Old backups cleaned, keeping last 30 backups
[Fri Sep 26 04:00:01 AM UTC 2025] Backup created: backup_20250926_040001.sql.gz
[Fri Sep 26 04:00:01 AM UTC 2025] Old backups cleaned, keeping last 30 backups
[Fri Sep 26 08:00:01 AM UTC 2025] Backup created: backup_20250926_080001.sql.gz
[Fri Sep 26 08:00:01 AM UTC 2025] Old backups cleaned, keeping last 30 backups
[Fri Sep 26 12:00:01 PM UTC 2025] Backup created: backup_20250926_120001.sql.gz
[Fri Sep 26 12:00:01 PM UTC 2025] Old backups cleaned, keeping last 30 backups
[Fri Sep 26 04:00:02 PM UTC 2025] Backup created: backup_20250926_160001.sql.gz
[Fri Sep 26 04:00:02 PM UTC 2025] Old backups cleaned, keeping last 30 backups
[Fri Sep 26 08:00:01 PM UTC 2025] Backup created: backup_20250926_200001.sql.gz
[Fri Sep 26 08:00:01 PM UTC 2025] Old backups cleaned, keeping last 30 backups
[Sat Sep 27 12:00:02 AM UTC 2025] Backup created: backup_20250927_000001.sql.gz
[Sat Sep 27 12:00:02 AM UTC 2025] Old backups cleaned, keeping last 30 backups
[Sat Sep 27 02:00:01 AM UTC 2025] Backup created: backup_20250927_020001.sql.gz
[Sat Sep 27 02:00:01 AM UTC 2025] Old backups cleaned, keeping last 30 backups
[Sat Sep 27 04:00:01 AM UTC 2025] Backup created: backup_20250927_040001.sql.gz
[Sat Sep 27 04:00:01 AM UTC 2025] Old backups cleaned, keeping last 30 backups
[Sat Sep 27 08:00:02 AM UTC 2025] Backup created: backup_20250927_080001.sql.gz
[Sat Sep 27 08:00:02 AM UTC 2025] Old backups cleaned, keeping last 30 backups
[Sat Sep 27 12:00:01 PM UTC 2025] Backup created: backup_20250927_120001.sql.gz
[Sat Sep 27 12:00:01 PM UTC 2025] Old backups cleaned, keeping last 30 backups
[Sat Sep 27 04:00:01 PM UTC 2025] Backup created: backup_20250927_160001.sql.gz
[Sat Sep 27 04:00:01 PM UTC 2025] Old backups cleaned, keeping last 30 backups
[Sat Sep 27 08:00:01 PM UTC 2025] Backup created: backup_20250927_200001.sql.gz
[Sat Sep 27 08:00:01 PM UTC 2025] Old backups cleaned, keeping last 30 backups
[Sun Sep 28 12:00:01 AM UTC 2025] Backup created: backup_20250928_000001.sql.gz
[Sun Sep 28 12:00:01 AM UTC 2025] Backup created: backup_20250928_000001.sql.gz
[Sun Sep 28 12:00:01 AM UTC 2025] Old backups cleaned, keeping last 30 backups
[Sun Sep 28 12:00:01 AM UTC 2025] Old backups cleaned, keeping last 30 backups
[Sun Sep 28 02:00:02 AM UTC 2025] Backup created: backup_20250928_020001.sql.gz
[Sun Sep 28 02:00:02 AM UTC 2025] Old backups cleaned, keeping last 30 backups
[Sun Sep 28 04:00:01 AM UTC 2025] Backup created: backup_20250928_040001.sql.gz
[Sun Sep 28 04:00:01 AM UTC 2025] Old backups cleaned, keeping last 30 backups
[Sun Sep 28 08:00:01 AM UTC 2025] Backup created: backup_20250928_080001.sql.gz
[Sun Sep 28 08:00:01 AM UTC 2025] Old backups cleaned, keeping last 30 backups
[Sun Sep 28 12:00:01 PM UTC 2025] Backup created: backup_20250928_120001.sql.gz
[Sun Sep 28 12:00:01 PM UTC 2025] Old backups cleaned, keeping last 30 backups
[Sun Sep 28 04:00:01 PM UTC 2025] Backup created: backup_20250928_160001.sql.gz
[Sun Sep 28 04:00:01 PM UTC 2025] Old backups cleaned, keeping last 30 backups
[Sun Sep 28 08:00:01 PM UTC 2025] Backup created: backup_20250928_200001.sql.gz
[Sun Sep 28 08:00:01 PM UTC 2025] Old backups cleaned, keeping last 30 backups
[Mon Sep 29 12:00:01 AM UTC 2025] Backup created: backup_20250929_000001.sql.gz
[Mon Sep 29 12:00:01 AM UTC 2025] Old backups cleaned, keeping last 30 backups
[Mon Sep 29 02:00:01 AM UTC 2025] Backup created: backup_20250929_020001.sql.gz
[Mon Sep 29 02:00:01 AM UTC 2025] Old backups cleaned, keeping last 30 backups
[Mon Sep 29 04:00:01 AM UTC 2025] Backup created: backup_20250929_040001.sql.gz
[Mon Sep 29 04:00:01 AM UTC 2025] Old backups cleaned, keeping last 30 backups
[Mon Sep 29 08:00:01 AM UTC 2025] Backup created: backup_20250929_080001.sql.gz
[Mon Sep 29 08:00:01 AM UTC 2025] Old backups cleaned, keeping last 30 backups
[Mon Sep 29 12:00:01 PM UTC 2025] Backup created: backup_20250929_120001.sql.gz
[Mon Sep 29 12:00:01 PM UTC 2025] Old backups cleaned, keeping last 30 backups
[Mon Sep 29 04:00:02 PM UTC 2025] Backup created: backup_20250929_160001.sql.gz
[Mon Sep 29 04:00:02 PM UTC 2025] Old backups cleaned, keeping last 30 backups
[Mon Sep 29 08:00:01 PM UTC 2025] Backup created: backup_20250929_200001.sql.gz
[Mon Sep 29 08:00:01 PM UTC 2025] Old backups cleaned, keeping last 30 backups
[Tue Sep 30 12:00:01 AM UTC 2025] Backup created: backup_20250930_000001.sql.gz
[Tue Sep 30 12:00:01 AM UTC 2025] Old backups cleaned, keeping last 30 backups
[Tue Sep 30 02:00:02 AM UTC 2025] Backup created: backup_20250930_020001.sql.gz
[Tue Sep 30 02:00:02 AM UTC 2025] Old backups cleaned, keeping last 30 backups
[Tue Sep 30 04:00:01 AM UTC 2025] Backup created: backup_20250930_040001.sql.gz
[Tue Sep 30 04:00:01 AM UTC 2025] Old backups cleaned, keeping last 30 backups
[Tue Sep 30 08:00:01 AM UTC 2025] Backup created: backup_20250930_080001.sql.gz
[Tue Sep 30 08:00:01 AM UTC 2025] Old backups cleaned, keeping last 30 backups
[Tue Sep 30 12:00:01 PM UTC 2025] Backup created: backup_20250930_120001.sql.gz
[Tue Sep 30 12:00:01 PM UTC 2025] Old backups cleaned, keeping last 30 backups
[Tue Sep 30 04:00:01 PM UTC 2025] Backup created: backup_20250930_160001.sql.gz
[Tue Sep 30 04:00:01 PM UTC 2025] Old backups cleaned, keeping last 30 backups
